D:\DEVELOP\COCOS2D-X-3.0\PROJECTS\CHESS\COCOS2D\COCOS\2D\DEBUG.WIN32\IOAPI.OBJ
D:\DEVELOP\COCOS2D-X-3.0\PROJECTS\CHESS\COCOS2D\COCOS\2D\DEBUG.WIN32\ATITC.OBJ
D:\DEVELOP\COCOS2D-X-3.0\PROJECTS\CHESS\COCOS2D\COCOS\2D\DEBUG.WIN32\CCDATA.OBJ
D:\DEVELOP\COCOS2D-X-3.0\PROJECTS\CHESS\COCOS2D\COCOS\2D\DEBUG.WIN32\CCNS.OBJ
D:\DEVELOP\COCOS2D-X-3.0\PROJECTS\CHESS\COCOS2D\COCOS\2D\DEBUG.WIN32\CCVALUE.OBJ
D:\DEVELOP\COCOS2D-X-3.0\PROJECTS\CHESS\COCOS2D\COCOS\2D\DEBUG.WIN32\CCNOTIFICATIONCENTER.OBJ
D:\DEVELOP\COCOS2D-X-3.0\PROJECTS\CHESS\COCOS2D\COCOS\2D\DEBUG.WIN32\CCPHYSICSCONTACT.OBJ
D:\DEVELOP\COCOS2D-X-3.0\PROJECTS\CHESS\COCOS2D\COCOS\2D\DEBUG.WIN32\CCPHYSICSWORLD.OBJ
D:\DEVELOP\COCOS2D-X-3.0\PROJECTS\CHESS\COCOS2D\COCOS\2D\DEBUG.WIN32\CCACTIONCATMULLROM.OBJ
D:\DEVELOP\COCOS2D-X-3.0\PROJECTS\CHESS\COCOS2D\COCOS\2D\DEBUG.WIN32\CCACTIONINSTANT.OBJ
D:\DEVELOP\COCOS2D-X-3.0\PROJECTS\CHESS\COCOS2D\COCOS\2D\DEBUG.WIN32\CCACTIONPROGRESSTIMER.OBJ
D:\DEVELOP\COCOS2D-X-3.0\PROJECTS\CHESS\COCOS2D\COCOS\2D\DEBUG.WIN32\CCANIMATIONCACHE.OBJ
D:\DEVELOP\COCOS2D-X-3.0\PROJECTS\CHESS\COCOS2D\COCOS\2D\DEBUG.WIN32\CCCOMPONENTCONTAINER.OBJ
D:\DEVELOP\COCOS2D-X-3.0\PROJECTS\CHESS\COCOS2D\COCOS\2D\DEBUG.WIN32\CCDRAWNODE.OBJ
D:\DEVELOP\COCOS2D-X-3.0\PROJECTS\CHESS\COCOS2D\COCOS\2D\DEBUG.WIN32\CCEVENTKEYBOARD.OBJ
D:\DEVELOP\COCOS2D-X-3.0\PROJECTS\CHESS\COCOS2D\COCOS\2D\DEBUG.WIN32\CCEVENTLISTENERACCELERATION.OBJ
D:\DEVELOP\COCOS2D-X-3.0\PROJECTS\CHESS\COCOS2D\COCOS\2D\DEBUG.WIN32\CCEVENTLISTENERMOUSE.OBJ
D:\DEVELOP\COCOS2D-X-3.0\PROJECTS\CHESS\COCOS2D\COCOS\2D\DEBUG.WIN32\CCFONTATLAS.OBJ
D:\DEVELOP\COCOS2D-X-3.0\PROJECTS\CHESS\COCOS2D\COCOS\2D\DEBUG.WIN32\CCFONTFREETYPE.OBJ
D:\DEVELOP\COCOS2D-X-3.0\PROJECTS\CHESS\COCOS2D\COCOS\2D\DEBUG.WIN32\CCGRID.OBJ
D:\DEVELOP\COCOS2D-X-3.0\PROJECTS\CHESS\COCOS2D\COCOS\2D\DEBUG.WIN32\CCLABELATLAS.OBJ
D:\DEVELOP\COCOS2D-X-3.0\PROJECTS\CHESS\COCOS2D\COCOS\2D\DEBUG.WIN32\CCMENU.OBJ
D:\DEVELOP\COCOS2D-X-3.0\PROJECTS\CHESS\COCOS2D\COCOS\2D\DEBUG.WIN32\CCNODE.OBJ
D:\DEVELOP\COCOS2D-X-3.0\PROJECTS\CHESS\COCOS2D\COCOS\2D\DEBUG.WIN32\CCPARTICLESYSTEM.OBJ
D:\DEVELOP\COCOS2D-X-3.0\PROJECTS\CHESS\COCOS2D\COCOS\2D\DEBUG.WIN32\CCRENDERTEXTURE.OBJ
D:\DEVELOP\COCOS2D-X-3.0\PROJECTS\CHESS\COCOS2D\COCOS\2D\DEBUG.WIN32\CCSHADERS.OBJ
D:\DEVELOP\COCOS2D-X-3.0\PROJECTS\CHESS\COCOS2D\COCOS\2D\DEBUG.WIN32\CCSPRITE.OBJ
D:\DEVELOP\COCOS2D-X-3.0\PROJECTS\CHESS\COCOS2D\COCOS\2D\DEBUG.WIN32\CCTEXTUREATLAS.OBJ
D:\DEVELOP\COCOS2D-X-3.0\PROJECTS\CHESS\COCOS2D\COCOS\2D\DEBUG.WIN32\CCTMXOBJECTGROUP.OBJ
D:\DEVELOP\COCOS2D-X-3.0\PROJECTS\CHESS\COCOS2D\COCOS\2D\DEBUG.WIN32\CCTOUCH.OBJ
D:\DEVELOP\COCOS2D-X-3.0\PROJECTS\CHESS\COCOS2D\COCOS\2D\DEBUG.WIN32\CCTRANSITIONPAGETURN.OBJ
D:\DEVELOP\COCOS2D-X-3.0\PROJECTS\CHESS\COCOS2D\COCOS\2D\DEBUG.WIN32\CCUTF8.OBJ
D:\DEVELOP\COCOS2D-X-3.0\PROJECTS\CHESS\COCOS2D\COCOS\2D\DEBUG.WIN32\CCIMAGE.OBJ
D:\DEVELOP\COCOS2D-X-3.0\PROJECTS\CHESS\COCOS2D\COCOS\2D\DEBUG.WIN32\CCAPPLICATION.OBJ
D:\DEVELOP\COCOS2D-X-3.0\PROJECTS\CHESS\COCOS2D\COCOS\2D\DEBUG.WIN32\CCBATCHCOMMAND.OBJ
D:\DEVELOP\COCOS2D-X-3.0\PROJECTS\CHESS\COCOS2D\COCOS\2D\DEBUG.WIN32\CCMATERIALMANAGER.OBJ
D:\DEVELOP\COCOS2D-X-3.0\PROJECTS\CHESS\COCOS2D\COCOS\2D\DEBUG.WIN32\CCRENDERMATERIAL.OBJ
D:\DEVELOP\COCOS2D-X-3.0\PROJECTS\CHESS\COCOS2D\COCOS\2D\DEBUG.WIN32\TGALIB.OBJ
D:\DEVELOP\COCOS2D-X-3.0\PROJECTS\CHESS\COCOS2D\COCOS\2D\DEBUG.WIN32\TINYXML2.OBJ
D:\DEVELOP\COCOS2D-X-3.0\PROJECTS\CHESS\COCOS2D\COCOS\2D\DEBUG.WIN32\CCCONSOLE.OBJ
D:\DEVELOP\COCOS2D-X-3.0\PROJECTS\CHESS\COCOS2D\COCOS\2D\DEBUG.WIN32\CCREF.OBJ
D:\DEVELOP\COCOS2D-X-3.0\PROJECTS\CHESS\COCOS2D\COCOS\2D\DEBUG.WIN32\CCDICTIONARY.OBJ
D:\DEVELOP\COCOS2D-X-3.0\PROJECTS\CHESS\COCOS2D\COCOS\2D\DEBUG.WIN32\AABB.OBJ
D:\DEVELOP\COCOS2D-X-3.0\PROJECTS\CHESS\COCOS2D\COCOS\2D\DEBUG.WIN32\MAT4STACK.OBJ
D:\DEVELOP\COCOS2D-X-3.0\PROJECTS\CHESS\COCOS2D\COCOS\2D\DEBUG.WIN32\MATRIX.OBJ
D:\DEVELOP\COCOS2D-X-3.0\PROJECTS\CHESS\COCOS2D\COCOS\2D\DEBUG.WIN32\MAT3.OBJ
D:\DEVELOP\COCOS2D-X-3.0\PROJECTS\CHESS\COCOS2D\COCOS\2D\DEBUG.WIN32\MAT4.OBJ
D:\DEVELOP\COCOS2D-X-3.0\PROJECTS\CHESS\COCOS2D\COCOS\2D\DEBUG.WIN32\NEON_MATRIX_IMPL.OBJ
D:\DEVELOP\COCOS2D-X-3.0\PROJECTS\CHESS\COCOS2D\COCOS\2D\DEBUG.WIN32\PLANE.OBJ
D:\DEVELOP\COCOS2D-X-3.0\PROJECTS\CHESS\COCOS2D\COCOS\2D\DEBUG.WIN32\QUATERNION.OBJ
D:\DEVELOP\COCOS2D-X-3.0\PROJECTS\CHESS\COCOS2D\COCOS\2D\DEBUG.WIN32\RAY2.OBJ
D:\DEVELOP\COCOS2D-X-3.0\PROJECTS\CHESS\COCOS2D\COCOS\2D\DEBUG.WIN32\RAY3.OBJ
D:\DEVELOP\COCOS2D-X-3.0\PROJECTS\CHESS\COCOS2D\COCOS\2D\DEBUG.WIN32\UTILITY.OBJ
D:\DEVELOP\COCOS2D-X-3.0\PROJECTS\CHESS\COCOS2D\COCOS\2D\DEBUG.WIN32\VEC2.OBJ
D:\DEVELOP\COCOS2D-X-3.0\PROJECTS\CHESS\COCOS2D\COCOS\2D\DEBUG.WIN32\VEC3.OBJ
D:\DEVELOP\COCOS2D-X-3.0\PROJECTS\CHESS\COCOS2D\COCOS\2D\DEBUG.WIN32\VEC4.OBJ
D:\DEVELOP\COCOS2D-X-3.0\PROJECTS\CHESS\COCOS2D\COCOS\2D\DEBUG.WIN32\CCPHYSICSBODY.OBJ
D:\DEVELOP\COCOS2D-X-3.0\PROJECTS\CHESS\COCOS2D\COCOS\2D\DEBUG.WIN32\CCPHYSICSBODYINFO_CHIPMUNK.OBJ
D:\DEVELOP\COCOS2D-X-3.0\PROJECTS\CHESS\COCOS2D\COCOS\2D\DEBUG.WIN32\CCPHYSICSCONTACTINFO_CHIPMUNK.OBJ
D:\DEVELOP\COCOS2D-X-3.0\PROJECTS\CHESS\COCOS2D\COCOS\2D\DEBUG.WIN32\CCPHYSICSJOINTINFO_CHIPMUNK.OBJ
D:\DEVELOP\COCOS2D-X-3.0\PROJECTS\CHESS\COCOS2D\COCOS\2D\DEBUG.WIN32\CCPHYSICSWORLDINFO_CHIPMUNK.OBJ
D:\DEVELOP\COCOS2D-X-3.0\PROJECTS\CHESS\COCOS2D\COCOS\2D\DEBUG.WIN32\CCACTIONEASE.OBJ
D:\DEVELOP\COCOS2D-X-3.0\PROJECTS\CHESS\COCOS2D\COCOS\2D\DEBUG.WIN32\CCACTIONINTERVAL.OBJ
D:\DEVELOP\COCOS2D-X-3.0\PROJECTS\CHESS\COCOS2D\COCOS\2D\DEBUG.WIN32\CCACTIONTILEDGRID.OBJ
D:\DEVELOP\COCOS2D-X-3.0\PROJECTS\CHESS\COCOS2D\COCOS\2D\DEBUG.WIN32\CCATLASNODE.OBJ
D:\DEVELOP\COCOS2D-X-3.0\PROJECTS\CHESS\COCOS2D\COCOS\2D\DEBUG.WIN32\CCCOMPONENT.OBJ
D:\DEVELOP\COCOS2D-X-3.0\PROJECTS\CHESS\COCOS2D\COCOS\2D\DEBUG.WIN32\CCDIRECTOR.OBJ
D:\DEVELOP\COCOS2D-X-3.0\PROJECTS\CHESS\COCOS2D\COCOS\2D\DEBUG.WIN32\CCEVENTDISPATCHER.OBJ
D:\DEVELOP\COCOS2D-X-3.0\PROJECTS\CHESS\COCOS2D\COCOS\2D\DEBUG.WIN32\CCEVENTMOUSE.OBJ
D:\DEVELOP\COCOS2D-X-3.0\PROJECTS\CHESS\COCOS2D\COCOS\2D\DEBUG.WIN32\CCEVENTTOUCH.OBJ
D:\DEVELOP\COCOS2D-X-3.0\PROJECTS\CHESS\COCOS2D\COCOS\2D\DEBUG.WIN32\CCFONTCHARMAP.OBJ
D:\DEVELOP\COCOS2D-X-3.0\PROJECTS\CHESS\COCOS2D\COCOS\2D\DEBUG.WIN32\CCGLSTATECACHE.OBJ
D:\DEVELOP\COCOS2D-X-3.0\PROJECTS\CHESS\COCOS2D\COCOS\2D\DEBUG.WIN32\CCIMEDISPATCHER.OBJ
D:\DEVELOP\COCOS2D-X-3.0\PROJECTS\CHESS\COCOS2D\COCOS\2D\DEBUG.WIN32\CCLABELBMFONT.OBJ
D:\DEVELOP\COCOS2D-X-3.0\PROJECTS\CHESS\COCOS2D\COCOS\2D\DEBUG.WIN32\CCLABELTTF.OBJ
D:\DEVELOP\COCOS2D-X-3.0\PROJECTS\CHESS\COCOS2D\COCOS\2D\DEBUG.WIN32\CCMOTIONSTREAK.OBJ
D:\DEVELOP\COCOS2D-X-3.0\PROJECTS\CHESS\COCOS2D\COCOS\2D\DEBUG.WIN32\CCPARTICLEEXAMPLES.OBJ
D:\DEVELOP\COCOS2D-X-3.0\PROJECTS\CHESS\COCOS2D\COCOS\2D\DEBUG.WIN32\CCPROGRESSTIMER.OBJ
D:\DEVELOP\COCOS2D-X-3.0\PROJECTS\CHESS\COCOS2D\COCOS\2D\DEBUG.WIN32\CCSCRIPTSUPPORT.OBJ
D:\DEVELOP\COCOS2D-X-3.0\PROJECTS\CHESS\COCOS2D\COCOS\2D\DEBUG.WIN32\CCSPRITEFRAME.OBJ
D:\DEVELOP\COCOS2D-X-3.0\PROJECTS\CHESS\COCOS2D\COCOS\2D\DEBUG.WIN32\CCTEXTFIELDTTF.OBJ
D:\DEVELOP\COCOS2D-X-3.0\PROJECTS\CHESS\COCOS2D\COCOS\2D\DEBUG.WIN32\CCTILEMAPATLAS.OBJ
D:\DEVELOP\COCOS2D-X-3.0\PROJECTS\CHESS\COCOS2D\COCOS\2D\DEBUG.WIN32\CCTMXTILEDMAP.OBJ
D:\DEVELOP\COCOS2D-X-3.0\PROJECTS\CHESS\COCOS2D\COCOS\2D\DEBUG.WIN32\CCTRANSITIONPROGRESS.OBJ
D:\DEVELOP\COCOS2D-X-3.0\PROJECTS\CHESS\COCOS2D\COCOS\2D\DEBUG.WIN32\CCUSERDEFAULT.OBJ
D:\DEVELOP\COCOS2D-X-3.0\PROJECTS\CHESS\COCOS2D\COCOS\2D\DEBUG.WIN32\CCFILEUTILS.OBJ
D:\DEVELOP\COCOS2D-X-3.0\PROJECTS\CHESS\COCOS2D\COCOS\2D\DEBUG.WIN32\CCCOMMON.OBJ
D:\DEVELOP\COCOS2D-X-3.0\PROJECTS\CHESS\COCOS2D\COCOS\2D\DEBUG.WIN32\CCDEVICE.OBJ
D:\DEVELOP\COCOS2D-X-3.0\PROJECTS\CHESS\COCOS2D\COCOS\2D\DEBUG.WIN32\CCCUSTOMCOMMAND.OBJ
D:\DEVELOP\COCOS2D-X-3.0\PROJECTS\CHESS\COCOS2D\COCOS\2D\DEBUG.WIN32\CCQUADCOMMAND.OBJ
D:\DEVELOP\COCOS2D-X-3.0\PROJECTS\CHESS\COCOS2D\COCOS\2D\DEBUG.WIN32\CCRENDERER.OBJ
D:\DEVELOP\COCOS2D-X-3.0\PROJECTS\CHESS\COCOS2D\COCOS\2D\DEBUG.WIN32\UNZIP.OBJ
D:\DEVELOP\COCOS2D-X-3.0\PROJECTS\CHESS\COCOS2D\COCOS\2D\DEBUG.WIN32\CCAFFINETRANSFORM.OBJ
D:\DEVELOP\COCOS2D-X-3.0\PROJECTS\CHESS\COCOS2D\COCOS\2D\DEBUG.WIN32\CCDATAVISITOR.OBJ
D:\DEVELOP\COCOS2D-X-3.0\PROJECTS\CHESS\COCOS2D\COCOS\2D\DEBUG.WIN32\ETC1.OBJ
D:\DEVELOP\COCOS2D-X-3.0\PROJECTS\CHESS\COCOS2D\COCOS\2D\DEBUG.WIN32\S3TC.OBJ
D:\DEVELOP\COCOS2D-X-3.0\PROJECTS\CHESS\COCOS2D\COCOS\2D\DEBUG.WIN32\CCDEPRECATED.OBJ
D:\DEVELOP\COCOS2D-X-3.0\PROJECTS\CHESS\COCOS2D\COCOS\2D\DEBUG.WIN32\CCPHYSICSJOINT.OBJ
D:\DEVELOP\COCOS2D-X-3.0\PROJECTS\CHESS\COCOS2D\COCOS\2D\DEBUG.WIN32\BASE64.OBJ
D:\DEVELOP\COCOS2D-X-3.0\PROJECTS\CHESS\COCOS2D\COCOS\2D\DEBUG.WIN32\CCACTION.OBJ
D:\DEVELOP\COCOS2D-X-3.0\PROJECTS\CHESS\COCOS2D\COCOS\2D\DEBUG.WIN32\CCACTIONGRID.OBJ
D:\DEVELOP\COCOS2D-X-3.0\PROJECTS\CHESS\COCOS2D\COCOS\2D\DEBUG.WIN32\CCACTIONMANAGER.OBJ
D:\DEVELOP\COCOS2D-X-3.0\PROJECTS\CHESS\COCOS2D\COCOS\2D\DEBUG.WIN32\CCACTIONTWEEN.OBJ
D:\DEVELOP\COCOS2D-X-3.0\PROJECTS\CHESS\COCOS2D\COCOS\2D\DEBUG.WIN32\CCCARRAY.OBJ
D:\DEVELOP\COCOS2D-X-3.0\PROJECTS\CHESS\COCOS2D\COCOS\2D\DEBUG.WIN32\CCCONFIGURATION.OBJ
D:\DEVELOP\COCOS2D-X-3.0\PROJECTS\CHESS\COCOS2D\COCOS\2D\DEBUG.WIN32\CCEVENT.OBJ
D:\DEVELOP\COCOS2D-X-3.0\PROJECTS\CHESS\COCOS2D\COCOS\2D\DEBUG.WIN32\CCEVENTACCELERATION.OBJ
D:\DEVELOP\COCOS2D-X-3.0\PROJECTS\CHESS\COCOS2D\COCOS\2D\DEBUG.WIN32\CCEVENTLISTENER.OBJ
D:\DEVELOP\COCOS2D-X-3.0\PROJECTS\CHESS\COCOS2D\COCOS\2D\DEBUG.WIN32\CCEVENTLISTENERKEYBOARD.OBJ
D:\DEVELOP\COCOS2D-X-3.0\PROJECTS\CHESS\COCOS2D\COCOS\2D\DEBUG.WIN32\CCFONT.OBJ
D:\DEVELOP\COCOS2D-X-3.0\PROJECTS\CHESS\COCOS2D\COCOS\2D\DEBUG.WIN32\CCFONTFNT.OBJ
D:\DEVELOP\COCOS2D-X-3.0\PROJECTS\CHESS\COCOS2D\COCOS\2D\DEBUG.WIN32\CCGRABBER.OBJ
D:\DEVELOP\COCOS2D-X-3.0\PROJECTS\CHESS\COCOS2D\COCOS\2D\DEBUG.WIN32\CCLABEL.OBJ
D:\DEVELOP\COCOS2D-X-3.0\PROJECTS\CHESS\COCOS2D\COCOS\2D\DEBUG.WIN32\CCLAYER.OBJ
D:\DEVELOP\COCOS2D-X-3.0\PROJECTS\CHESS\COCOS2D\COCOS\2D\DEBUG.WIN32\CCPARALLAXNODE.OBJ
D:\DEVELOP\COCOS2D-X-3.0\PROJECTS\CHESS\COCOS2D\COCOS\2D\DEBUG.WIN32\CCPARTICLESYSTEMQUAD.OBJ
D:\DEVELOP\COCOS2D-X-3.0\PROJECTS\CHESS\COCOS2D\COCOS\2D\DEBUG.WIN32\CCSCHEDULER.OBJ
D:\DEVELOP\COCOS2D-X-3.0\PROJECTS\CHESS\COCOS2D\COCOS\2D\DEBUG.WIN32\CCSPRITEBATCHNODE.OBJ
D:\DEVELOP\COCOS2D-X-3.0\PROJECTS\CHESS\COCOS2D\COCOS\2D\DEBUG.WIN32\CCTEXTURE2D.OBJ
D:\DEVELOP\COCOS2D-X-3.0\PROJECTS\CHESS\COCOS2D\COCOS\2D\DEBUG.WIN32\CCTMXLAYER.OBJ
D:\DEVELOP\COCOS2D-X-3.0\PROJECTS\CHESS\COCOS2D\COCOS\2D\DEBUG.WIN32\CCTRANSITION.OBJ
D:\DEVELOP\COCOS2D-X-3.0\PROJECTS\CHESS\COCOS2D\COCOS\2D\DEBUG.WIN32\CCUTILS.OBJ
D:\DEVELOP\COCOS2D-X-3.0\PROJECTS\CHESS\COCOS2D\COCOS\2D\DEBUG.WIN32\CCVERTEX.OBJ
D:\DEVELOP\COCOS2D-X-3.0\PROJECTS\CHESS\COCOS2D\COCOS\2D\DEBUG.WIN32\CCSAXPARSER.OBJ
D:\DEVELOP\COCOS2D-X-3.0\PROJECTS\CHESS\COCOS2D\COCOS\2D\DEBUG.WIN32\CCGLVIEW.OBJ
D:\DEVELOP\COCOS2D-X-3.0\PROJECTS\CHESS\COCOS2D\COCOS\2D\DEBUG.WIN32\CCSTDC.OBJ
D:\DEVELOP\COCOS2D-X-3.0\PROJECTS\CHESS\COCOS2D\COCOS\2D\DEBUG.WIN32\CCFRUSTUM.OBJ
D:\DEVELOP\COCOS2D-X-3.0\PROJECTS\CHESS\COCOS2D\COCOS\2D\DEBUG.WIN32\CCRENDERCOMMAND.OBJ
D:\DEVELOP\COCOS2D-X-3.0\PROJECTS\CHESS\COCOS2D\COCOS\2D\DEBUG.WIN32\ZIPUTILS.OBJ
D:\DEVELOP\COCOS2D-X-3.0\PROJECTS\CHESS\COCOS2D\COCOS\2D\DEBUG.WIN32\EDTAA3FUNC.OBJ
D:\DEVELOP\COCOS2D-X-3.0\PROJECTS\CHESS\COCOS2D\COCOS\2D\DEBUG.WIN32\XXHASH.OBJ
D:\DEVELOP\COCOS2D-X-3.0\PROJECTS\CHESS\COCOS2D\COCOS\2D\DEBUG.WIN32\CCAUTORELEASEPOOL.OBJ
D:\DEVELOP\COCOS2D-X-3.0\PROJECTS\CHESS\COCOS2D\COCOS\2D\DEBUG.WIN32\CCGEOMETRY.OBJ
D:\DEVELOP\COCOS2D-X-3.0\PROJECTS\CHESS\COCOS2D\COCOS\2D\DEBUG.WIN32\CCARRAY.OBJ
D:\DEVELOP\COCOS2D-X-3.0\PROJECTS\CHESS\COCOS2D\COCOS\2D\DEBUG.WIN32\CCSET.OBJ
D:\DEVELOP\COCOS2D-X-3.0\PROJECTS\CHESS\COCOS2D\COCOS\2D\DEBUG.WIN32\CCSTRING.OBJ
D:\DEVELOP\COCOS2D-X-3.0\PROJECTS\CHESS\COCOS2D\COCOS\2D\DEBUG.WIN32\CCPHYSICSSHAPE.OBJ
D:\DEVELOP\COCOS2D-X-3.0\PROJECTS\CHESS\COCOS2D\COCOS\2D\DEBUG.WIN32\CCPHYSICSSHAPEINFO_CHIPMUNK.OBJ
D:\DEVELOP\COCOS2D-X-3.0\PROJECTS\CHESS\COCOS2D\COCOS\2D\DEBUG.WIN32\CCACTIONCAMERA.OBJ
D:\DEVELOP\COCOS2D-X-3.0\PROJECTS\CHESS\COCOS2D\COCOS\2D\DEBUG.WIN32\CCACTIONGRID3D.OBJ
D:\DEVELOP\COCOS2D-X-3.0\PROJECTS\CHESS\COCOS2D\COCOS\2D\DEBUG.WIN32\CCACTIONPAGETURN3D.OBJ
D:\DEVELOP\COCOS2D-X-3.0\PROJECTS\CHESS\COCOS2D\COCOS\2D\DEBUG.WIN32\CCANIMATION.OBJ
D:\DEVELOP\COCOS2D-X-3.0\PROJECTS\CHESS\COCOS2D\COCOS\2D\DEBUG.WIN32\CCCLIPPINGNODE.OBJ
D:\DEVELOP\COCOS2D-X-3.0\PROJECTS\CHESS\COCOS2D\COCOS\2D\DEBUG.WIN32\CCDRAWINGPRIMITIVES.OBJ
D:\DEVELOP\COCOS2D-X-3.0\PROJECTS\CHESS\COCOS2D\COCOS\2D\DEBUG.WIN32\CCEVENTCUSTOM.OBJ
D:\DEVELOP\COCOS2D-X-3.0\PROJECTS\CHESS\COCOS2D\COCOS\2D\DEBUG.WIN32\CCEVENTLISTENERCUSTOM.OBJ
D:\DEVELOP\COCOS2D-X-3.0\PROJECTS\CHESS\COCOS2D\COCOS\2D\DEBUG.WIN32\CCEVENTLISTENERTOUCH.OBJ
D:\DEVELOP\COCOS2D-X-3.0\PROJECTS\CHESS\COCOS2D\COCOS\2D\DEBUG.WIN32\CCFONTATLASCACHE.OBJ
D:\DEVELOP\COCOS2D-X-3.0\PROJECTS\CHESS\COCOS2D\COCOS\2D\DEBUG.WIN32\CCFPSIMAGES.OBJ
D:\DEVELOP\COCOS2D-X-3.0\PROJECTS\CHESS\COCOS2D\COCOS\2D\DEBUG.WIN32\CCGLPROGRAM.OBJ
D:\DEVELOP\COCOS2D-X-3.0\PROJECTS\CHESS\COCOS2D\COCOS\2D\DEBUG.WIN32\CCNODEGRID.OBJ
D:\DEVELOP\COCOS2D-X-3.0\PROJECTS\CHESS\COCOS2D\COCOS\2D\DEBUG.WIN32\CCLABELTEXTFORMATTER.OBJ
D:\DEVELOP\COCOS2D-X-3.0\PROJECTS\CHESS\COCOS2D\COCOS\2D\DEBUG.WIN32\CCMENUITEM.OBJ
D:\DEVELOP\COCOS2D-X-3.0\PROJECTS\CHESS\COCOS2D\COCOS\2D\DEBUG.WIN32\CCPARTICLEBATCHNODE.OBJ
D:\DEVELOP\COCOS2D-X-3.0\PROJECTS\CHESS\COCOS2D\COCOS\2D\DEBUG.WIN32\CCPROFILING.OBJ
D:\DEVELOP\COCOS2D-X-3.0\PROJECTS\CHESS\COCOS2D\COCOS\2D\DEBUG.WIN32\CCSCENE.OBJ
D:\DEVELOP\COCOS2D-X-3.0\PROJECTS\CHESS\COCOS2D\COCOS\2D\DEBUG.WIN32\CCSHADERCACHE.OBJ
D:\DEVELOP\COCOS2D-X-3.0\PROJECTS\CHESS\COCOS2D\COCOS\2D\DEBUG.WIN32\CCSPRITEFRAMECACHE.OBJ
D:\DEVELOP\COCOS2D-X-3.0\PROJECTS\CHESS\COCOS2D\COCOS\2D\DEBUG.WIN32\CCTEXTURECACHE.OBJ
D:\DEVELOP\COCOS2D-X-3.0\PROJECTS\CHESS\COCOS2D\COCOS\2D\DEBUG.WIN32\CCTMXXMLPARSER.OBJ
D:\DEVELOP\COCOS2D-X-3.0\PROJECTS\CHESS\COCOS2D\COCOS\2D\DEBUG.WIN32\CCTYPES.OBJ
D:\DEVELOP\COCOS2D-X-3.0\PROJECTS\CHESS\COCOS2D\COCOS\2D\DEBUG.WIN32\CCTWEENFUNCTION.OBJ
D:\DEVELOP\COCOS2D-X-3.0\PROJECTS\CHESS\COCOS2D\COCOS\2D\DEBUG.WIN32\COCOS2D.OBJ
D:\DEVELOP\COCOS2D-X-3.0\PROJECTS\CHESS\COCOS2D\COCOS\2D\DEBUG.WIN32\CCGLVIEWPROTOCOL.OBJ
D:\DEVELOP\COCOS2D-X-3.0\PROJECTS\CHESS\COCOS2D\COCOS\2D\DEBUG.WIN32\CCTHREAD.OBJ
D:\DEVELOP\COCOS2D-X-3.0\PROJECTS\CHESS\COCOS2D\COCOS\2D\DEBUG.WIN32\CCFILEUTILSWIN32.OBJ
D:\DEVELOP\COCOS2D-X-3.0\PROJECTS\CHESS\COCOS2D\COCOS\2D\DEBUG.WIN32\CCGROUPCOMMAND.OBJ
D:\DEVELOP\COCOS2D-X-3.0\PROJECTS\CHESS\COCOS2D\COCOS\2D\DEBUG.WIN32\TRANSFORMUTILS.OBJ
D:\DEVELOP\COCOS2D-X-3.0\PROJECTS\CHESS\PROJ.WIN32\DEBUG.WIN32\LIBCOCOS2D.LIB
D:\develop\cocos2d-x-3.0\projects\chess\cocos2d\cocos\2d\Debug.win32\aabb.obj
D:\develop\cocos2d-x-3.0\projects\chess\cocos2d\cocos\2d\Debug.win32\atitc.obj
D:\develop\cocos2d-x-3.0\projects\chess\cocos2d\cocos\2d\Debug.win32\base64.obj
D:\develop\cocos2d-x-3.0\projects\chess\cocos2d\cocos\2d\Debug.win32\CCAction.obj
D:\develop\cocos2d-x-3.0\projects\chess\cocos2d\cocos\2d\Debug.win32\CCActionCamera.obj
D:\develop\cocos2d-x-3.0\projects\chess\cocos2d\cocos\2d\Debug.win32\CCActionCatmullRom.obj
D:\develop\cocos2d-x-3.0\projects\chess\cocos2d\cocos\2d\Debug.win32\CCActionEase.obj
D:\develop\cocos2d-x-3.0\projects\chess\cocos2d\cocos\2d\Debug.win32\CCActionGrid.obj
D:\develop\cocos2d-x-3.0\projects\chess\cocos2d\cocos\2d\Debug.win32\CCActionGrid3D.obj
D:\develop\cocos2d-x-3.0\projects\chess\cocos2d\cocos\2d\Debug.win32\CCActionInstant.obj
D:\develop\cocos2d-x-3.0\projects\chess\cocos2d\cocos\2d\Debug.win32\CCActionInterval.obj
D:\develop\cocos2d-x-3.0\projects\chess\cocos2d\cocos\2d\Debug.win32\CCActionManager.obj
D:\develop\cocos2d-x-3.0\projects\chess\cocos2d\cocos\2d\Debug.win32\CCActionPageTurn3D.obj
D:\develop\cocos2d-x-3.0\projects\chess\cocos2d\cocos\2d\Debug.win32\CCActionProgressTimer.obj
D:\develop\cocos2d-x-3.0\projects\chess\cocos2d\cocos\2d\Debug.win32\CCActionTiledGrid.obj
D:\develop\cocos2d-x-3.0\projects\chess\cocos2d\cocos\2d\Debug.win32\CCActionTween.obj
D:\develop\cocos2d-x-3.0\projects\chess\cocos2d\cocos\2d\Debug.win32\CCAffineTransform.obj
D:\develop\cocos2d-x-3.0\projects\chess\cocos2d\cocos\2d\Debug.win32\CCAnimation.obj
D:\develop\cocos2d-x-3.0\projects\chess\cocos2d\cocos\2d\Debug.win32\CCAnimationCache.obj
D:\develop\cocos2d-x-3.0\projects\chess\cocos2d\cocos\2d\Debug.win32\CCApplication.obj
D:\develop\cocos2d-x-3.0\projects\chess\cocos2d\cocos\2d\Debug.win32\CCArray.obj
D:\develop\cocos2d-x-3.0\projects\chess\cocos2d\cocos\2d\Debug.win32\CCAtlasNode.obj
D:\develop\cocos2d-x-3.0\projects\chess\cocos2d\cocos\2d\Debug.win32\CCAutoreleasePool.obj
D:\develop\cocos2d-x-3.0\projects\chess\cocos2d\cocos\2d\Debug.win32\CCBatchCommand.obj
D:\develop\cocos2d-x-3.0\projects\chess\cocos2d\cocos\2d\Debug.win32\ccCArray.obj
D:\develop\cocos2d-x-3.0\projects\chess\cocos2d\cocos\2d\Debug.win32\CCClippingNode.obj
D:\develop\cocos2d-x-3.0\projects\chess\cocos2d\cocos\2d\Debug.win32\CCCommon.obj
D:\develop\cocos2d-x-3.0\projects\chess\cocos2d\cocos\2d\Debug.win32\CCComponent.obj
D:\develop\cocos2d-x-3.0\projects\chess\cocos2d\cocos\2d\Debug.win32\CCComponentContainer.obj
D:\develop\cocos2d-x-3.0\projects\chess\cocos2d\cocos\2d\Debug.win32\CCConfiguration.obj
D:\develop\cocos2d-x-3.0\projects\chess\cocos2d\cocos\2d\Debug.win32\CCConsole.obj
D:\develop\cocos2d-x-3.0\projects\chess\cocos2d\cocos\2d\Debug.win32\CCCustomCommand.obj
D:\develop\cocos2d-x-3.0\projects\chess\cocos2d\cocos\2d\Debug.win32\CCData.obj
D:\develop\cocos2d-x-3.0\projects\chess\cocos2d\cocos\2d\Debug.win32\CCDataVisitor.obj
D:\develop\cocos2d-x-3.0\projects\chess\cocos2d\cocos\2d\Debug.win32\CCDeprecated.obj
D:\develop\cocos2d-x-3.0\projects\chess\cocos2d\cocos\2d\Debug.win32\CCDevice.obj
D:\develop\cocos2d-x-3.0\projects\chess\cocos2d\cocos\2d\Debug.win32\CCDictionary.obj
D:\develop\cocos2d-x-3.0\projects\chess\cocos2d\cocos\2d\Debug.win32\CCDirector.obj
D:\develop\cocos2d-x-3.0\projects\chess\cocos2d\cocos\2d\Debug.win32\CCDrawingPrimitives.obj
D:\develop\cocos2d-x-3.0\projects\chess\cocos2d\cocos\2d\Debug.win32\CCDrawNode.obj
D:\develop\cocos2d-x-3.0\projects\chess\cocos2d\cocos\2d\Debug.win32\CCEvent.obj
D:\develop\cocos2d-x-3.0\projects\chess\cocos2d\cocos\2d\Debug.win32\CCEventAcceleration.obj
D:\develop\cocos2d-x-3.0\projects\chess\cocos2d\cocos\2d\Debug.win32\CCEventCustom.obj
D:\develop\cocos2d-x-3.0\projects\chess\cocos2d\cocos\2d\Debug.win32\CCEventDispatcher.obj
D:\develop\cocos2d-x-3.0\projects\chess\cocos2d\cocos\2d\Debug.win32\CCEventKeyboard.obj
D:\develop\cocos2d-x-3.0\projects\chess\cocos2d\cocos\2d\Debug.win32\CCEventListener.obj
D:\develop\cocos2d-x-3.0\projects\chess\cocos2d\cocos\2d\Debug.win32\CCEventListenerAcceleration.obj
D:\develop\cocos2d-x-3.0\projects\chess\cocos2d\cocos\2d\Debug.win32\CCEventListenerCustom.obj
D:\develop\cocos2d-x-3.0\projects\chess\cocos2d\cocos\2d\Debug.win32\CCEventListenerKeyboard.obj
D:\develop\cocos2d-x-3.0\projects\chess\cocos2d\cocos\2d\Debug.win32\CCEventListenerMouse.obj
D:\develop\cocos2d-x-3.0\projects\chess\cocos2d\cocos\2d\Debug.win32\CCEventListenerTouch.obj
D:\develop\cocos2d-x-3.0\projects\chess\cocos2d\cocos\2d\Debug.win32\CCEventMouse.obj
D:\develop\cocos2d-x-3.0\projects\chess\cocos2d\cocos\2d\Debug.win32\CCEventTouch.obj
D:\develop\cocos2d-x-3.0\projects\chess\cocos2d\cocos\2d\Debug.win32\CCFileUtils.obj
D:\develop\cocos2d-x-3.0\projects\chess\cocos2d\cocos\2d\Debug.win32\CCFileUtilsWin32.obj
D:\develop\cocos2d-x-3.0\projects\chess\cocos2d\cocos\2d\Debug.win32\CCFont.obj
D:\develop\cocos2d-x-3.0\projects\chess\cocos2d\cocos\2d\Debug.win32\CCFontAtlas.obj
D:\develop\cocos2d-x-3.0\projects\chess\cocos2d\cocos\2d\Debug.win32\CCFontAtlasCache.obj
D:\develop\cocos2d-x-3.0\projects\chess\cocos2d\cocos\2d\Debug.win32\CCFontCharMap.obj
D:\develop\cocos2d-x-3.0\projects\chess\cocos2d\cocos\2d\Debug.win32\CCFontFNT.obj
D:\develop\cocos2d-x-3.0\projects\chess\cocos2d\cocos\2d\Debug.win32\CCFontFreeType.obj
D:\develop\cocos2d-x-3.0\projects\chess\cocos2d\cocos\2d\Debug.win32\ccFPSImages.obj
D:\develop\cocos2d-x-3.0\projects\chess\cocos2d\cocos\2d\Debug.win32\CCFrustum.obj
D:\develop\cocos2d-x-3.0\projects\chess\cocos2d\cocos\2d\Debug.win32\CCGeometry.obj
D:\develop\cocos2d-x-3.0\projects\chess\cocos2d\cocos\2d\Debug.win32\CCGLProgram.obj
D:\develop\cocos2d-x-3.0\projects\chess\cocos2d\cocos\2d\Debug.win32\ccGLStateCache.obj
D:\develop\cocos2d-x-3.0\projects\chess\cocos2d\cocos\2d\Debug.win32\CCGLView.obj
D:\develop\cocos2d-x-3.0\projects\chess\cocos2d\cocos\2d\Debug.win32\CCGLViewProtocol.obj
D:\develop\cocos2d-x-3.0\projects\chess\cocos2d\cocos\2d\Debug.win32\CCGrabber.obj
D:\develop\cocos2d-x-3.0\projects\chess\cocos2d\cocos\2d\Debug.win32\CCGrid.obj
D:\develop\cocos2d-x-3.0\projects\chess\cocos2d\cocos\2d\Debug.win32\CCGroupCommand.obj
D:\develop\cocos2d-x-3.0\projects\chess\cocos2d\cocos\2d\Debug.win32\CCImage.obj
D:\develop\cocos2d-x-3.0\projects\chess\cocos2d\cocos\2d\Debug.win32\CCIMEDispatcher.obj
D:\develop\cocos2d-x-3.0\projects\chess\cocos2d\cocos\2d\Debug.win32\CCLabel.obj
D:\develop\cocos2d-x-3.0\projects\chess\cocos2d\cocos\2d\Debug.win32\CCLabelAtlas.obj
D:\develop\cocos2d-x-3.0\projects\chess\cocos2d\cocos\2d\Debug.win32\CCLabelBMFont.obj
D:\develop\cocos2d-x-3.0\projects\chess\cocos2d\cocos\2d\Debug.win32\CCLabelTextFormatter.obj
D:\develop\cocos2d-x-3.0\projects\chess\cocos2d\cocos\2d\Debug.win32\CCLabelTTF.obj
D:\develop\cocos2d-x-3.0\projects\chess\cocos2d\cocos\2d\Debug.win32\CCLayer.obj
D:\develop\cocos2d-x-3.0\projects\chess\cocos2d\cocos\2d\Debug.win32\CCMaterialManager.obj
D:\develop\cocos2d-x-3.0\projects\chess\cocos2d\cocos\2d\Debug.win32\CCMenu.obj
D:\develop\cocos2d-x-3.0\projects\chess\cocos2d\cocos\2d\Debug.win32\CCMenuItem.obj
D:\develop\cocos2d-x-3.0\projects\chess\cocos2d\cocos\2d\Debug.win32\CCMotionStreak.obj
D:\develop\cocos2d-x-3.0\projects\chess\cocos2d\cocos\2d\Debug.win32\CCNode.obj
D:\develop\cocos2d-x-3.0\projects\chess\cocos2d\cocos\2d\Debug.win32\CCNodeGrid.obj
D:\develop\cocos2d-x-3.0\projects\chess\cocos2d\cocos\2d\Debug.win32\CCNotificationCenter.obj
D:\develop\cocos2d-x-3.0\projects\chess\cocos2d\cocos\2d\Debug.win32\CCNS.obj
D:\develop\cocos2d-x-3.0\projects\chess\cocos2d\cocos\2d\Debug.win32\CCParallaxNode.obj
D:\develop\cocos2d-x-3.0\projects\chess\cocos2d\cocos\2d\Debug.win32\CCParticleBatchNode.obj
D:\develop\cocos2d-x-3.0\projects\chess\cocos2d\cocos\2d\Debug.win32\CCParticleExamples.obj
D:\develop\cocos2d-x-3.0\projects\chess\cocos2d\cocos\2d\Debug.win32\CCParticleSystem.obj
D:\develop\cocos2d-x-3.0\projects\chess\cocos2d\cocos\2d\Debug.win32\CCParticleSystemQuad.obj
D:\develop\cocos2d-x-3.0\projects\chess\cocos2d\cocos\2d\Debug.win32\CCPhysicsBody.obj
D:\develop\cocos2d-x-3.0\projects\chess\cocos2d\cocos\2d\Debug.win32\CCPhysicsBodyInfo_chipmunk.obj
D:\develop\cocos2d-x-3.0\projects\chess\cocos2d\cocos\2d\Debug.win32\CCPhysicsContact.obj
D:\develop\cocos2d-x-3.0\projects\chess\cocos2d\cocos\2d\Debug.win32\CCPhysicsContactInfo_chipmunk.obj
D:\develop\cocos2d-x-3.0\projects\chess\cocos2d\cocos\2d\Debug.win32\CCPhysicsJoint.obj
D:\develop\cocos2d-x-3.0\projects\chess\cocos2d\cocos\2d\Debug.win32\CCPhysicsJointInfo_chipmunk.obj
D:\develop\cocos2d-x-3.0\projects\chess\cocos2d\cocos\2d\Debug.win32\CCPhysicsShape.obj
D:\develop\cocos2d-x-3.0\projects\chess\cocos2d\cocos\2d\Debug.win32\CCPhysicsShapeInfo_chipmunk.obj
D:\develop\cocos2d-x-3.0\projects\chess\cocos2d\cocos\2d\Debug.win32\CCPhysicsWorld.obj
D:\develop\cocos2d-x-3.0\projects\chess\cocos2d\cocos\2d\Debug.win32\CCPhysicsWorldInfo_chipmunk.obj
D:\develop\cocos2d-x-3.0\projects\chess\cocos2d\cocos\2d\Debug.win32\CCProfiling.obj
D:\develop\cocos2d-x-3.0\projects\chess\cocos2d\cocos\2d\Debug.win32\CCProgressTimer.obj
D:\develop\cocos2d-x-3.0\projects\chess\cocos2d\cocos\2d\Debug.win32\CCQuadCommand.obj
D:\develop\cocos2d-x-3.0\projects\chess\cocos2d\cocos\2d\Debug.win32\CCRef.obj
D:\develop\cocos2d-x-3.0\projects\chess\cocos2d\cocos\2d\Debug.win32\CCRenderCommand.obj
D:\develop\cocos2d-x-3.0\projects\chess\cocos2d\cocos\2d\Debug.win32\CCRenderer.obj
D:\develop\cocos2d-x-3.0\projects\chess\cocos2d\cocos\2d\Debug.win32\CCRenderMaterial.obj
D:\develop\cocos2d-x-3.0\projects\chess\cocos2d\cocos\2d\Debug.win32\CCRenderTexture.obj
D:\develop\cocos2d-x-3.0\projects\chess\cocos2d\cocos\2d\Debug.win32\CCSAXParser.obj
D:\develop\cocos2d-x-3.0\projects\chess\cocos2d\cocos\2d\Debug.win32\CCScene.obj
D:\develop\cocos2d-x-3.0\projects\chess\cocos2d\cocos\2d\Debug.win32\CCScheduler.obj
D:\develop\cocos2d-x-3.0\projects\chess\cocos2d\cocos\2d\Debug.win32\CCScriptSupport.obj
D:\develop\cocos2d-x-3.0\projects\chess\cocos2d\cocos\2d\Debug.win32\CCSet.obj
D:\develop\cocos2d-x-3.0\projects\chess\cocos2d\cocos\2d\Debug.win32\CCShaderCache.obj
D:\develop\cocos2d-x-3.0\projects\chess\cocos2d\cocos\2d\Debug.win32\ccShaders.obj
D:\develop\cocos2d-x-3.0\projects\chess\cocos2d\cocos\2d\Debug.win32\CCSprite.obj
D:\develop\cocos2d-x-3.0\projects\chess\cocos2d\cocos\2d\Debug.win32\CCSpriteBatchNode.obj
D:\develop\cocos2d-x-3.0\projects\chess\cocos2d\cocos\2d\Debug.win32\CCSpriteFrame.obj
D:\develop\cocos2d-x-3.0\projects\chess\cocos2d\cocos\2d\Debug.win32\CCSpriteFrameCache.obj
D:\develop\cocos2d-x-3.0\projects\chess\cocos2d\cocos\2d\Debug.win32\CCStdC.obj
D:\develop\cocos2d-x-3.0\projects\chess\cocos2d\cocos\2d\Debug.win32\CCString.obj
D:\develop\cocos2d-x-3.0\projects\chess\cocos2d\cocos\2d\Debug.win32\CCTextFieldTTF.obj
D:\develop\cocos2d-x-3.0\projects\chess\cocos2d\cocos\2d\Debug.win32\CCTexture2D.obj
D:\develop\cocos2d-x-3.0\projects\chess\cocos2d\cocos\2d\Debug.win32\CCTextureAtlas.obj
D:\develop\cocos2d-x-3.0\projects\chess\cocos2d\cocos\2d\Debug.win32\CCTextureCache.obj
D:\develop\cocos2d-x-3.0\projects\chess\cocos2d\cocos\2d\Debug.win32\CCThread.obj
D:\develop\cocos2d-x-3.0\projects\chess\cocos2d\cocos\2d\Debug.win32\CCTileMapAtlas.obj
D:\develop\cocos2d-x-3.0\projects\chess\cocos2d\cocos\2d\Debug.win32\CCTMXLayer.obj
D:\develop\cocos2d-x-3.0\projects\chess\cocos2d\cocos\2d\Debug.win32\CCTMXObjectGroup.obj
D:\develop\cocos2d-x-3.0\projects\chess\cocos2d\cocos\2d\Debug.win32\CCTMXTiledMap.obj
D:\develop\cocos2d-x-3.0\projects\chess\cocos2d\cocos\2d\Debug.win32\CCTMXXMLParser.obj
D:\develop\cocos2d-x-3.0\projects\chess\cocos2d\cocos\2d\Debug.win32\CCTouch.obj
D:\develop\cocos2d-x-3.0\projects\chess\cocos2d\cocos\2d\Debug.win32\CCTransition.obj
D:\develop\cocos2d-x-3.0\projects\chess\cocos2d\cocos\2d\Debug.win32\CCTransitionPageTurn.obj
D:\develop\cocos2d-x-3.0\projects\chess\cocos2d\cocos\2d\Debug.win32\CCTransitionProgress.obj
D:\develop\cocos2d-x-3.0\projects\chess\cocos2d\cocos\2d\Debug.win32\CCTweenFunction.obj
D:\develop\cocos2d-x-3.0\projects\chess\cocos2d\cocos\2d\Debug.win32\ccTypes.obj
D:\develop\cocos2d-x-3.0\projects\chess\cocos2d\cocos\2d\Debug.win32\CCUserDefault.obj
D:\develop\cocos2d-x-3.0\projects\chess\cocos2d\cocos\2d\Debug.win32\ccUTF8.obj
D:\develop\cocos2d-x-3.0\projects\chess\cocos2d\cocos\2d\Debug.win32\ccUtils.obj
D:\develop\cocos2d-x-3.0\projects\chess\cocos2d\cocos\2d\Debug.win32\CCValue.obj
D:\develop\cocos2d-x-3.0\projects\chess\cocos2d\cocos\2d\Debug.win32\CCVertex.obj
D:\develop\cocos2d-x-3.0\projects\chess\cocos2d\cocos\2d\Debug.win32\cocos2d.obj
D:\develop\cocos2d-x-3.0\projects\chess\cocos2d\cocos\2d\Debug.win32\edtaa3func.obj
D:\develop\cocos2d-x-3.0\projects\chess\cocos2d\cocos\2d\Debug.win32\etc1.obj
D:\develop\cocos2d-x-3.0\projects\chess\cocos2d\cocos\2d\Debug.win32\ioapi.obj
D:\develop\cocos2d-x-3.0\projects\chess\cocos2d\cocos\2d\Debug.win32\mat3.obj
D:\develop\cocos2d-x-3.0\projects\chess\cocos2d\cocos\2d\Debug.win32\mat4.obj
D:\develop\cocos2d-x-3.0\projects\chess\cocos2d\cocos\2d\Debug.win32\mat4stack.obj
D:\develop\cocos2d-x-3.0\projects\chess\cocos2d\cocos\2d\Debug.win32\matrix.obj
D:\develop\cocos2d-x-3.0\projects\chess\cocos2d\cocos\2d\Debug.win32\neon_matrix_impl.obj
D:\develop\cocos2d-x-3.0\projects\chess\cocos2d\cocos\2d\Debug.win32\plane.obj
D:\develop\cocos2d-x-3.0\projects\chess\cocos2d\cocos\2d\Debug.win32\quaternion.obj
D:\develop\cocos2d-x-3.0\projects\chess\cocos2d\cocos\2d\Debug.win32\ray2.obj
D:\develop\cocos2d-x-3.0\projects\chess\cocos2d\cocos\2d\Debug.win32\ray3.obj
D:\develop\cocos2d-x-3.0\projects\chess\cocos2d\cocos\2d\Debug.win32\s3tc.obj
D:\develop\cocos2d-x-3.0\projects\chess\cocos2d\cocos\2d\Debug.win32\TGAlib.obj
D:\develop\cocos2d-x-3.0\projects\chess\cocos2d\cocos\2d\Debug.win32\tinyxml2.obj
D:\develop\cocos2d-x-3.0\projects\chess\cocos2d\cocos\2d\Debug.win32\TransformUtils.obj
D:\develop\cocos2d-x-3.0\projects\chess\cocos2d\cocos\2d\Debug.win32\unzip.obj
D:\develop\cocos2d-x-3.0\projects\chess\cocos2d\cocos\2d\Debug.win32\utility.obj
D:\develop\cocos2d-x-3.0\projects\chess\cocos2d\cocos\2d\Debug.win32\vec2.obj
D:\develop\cocos2d-x-3.0\projects\chess\cocos2d\cocos\2d\Debug.win32\vec3.obj
D:\develop\cocos2d-x-3.0\projects\chess\cocos2d\cocos\2d\Debug.win32\vec4.obj
D:\develop\cocos2d-x-3.0\projects\chess\cocos2d\cocos\2d\Debug.win32\xxhash.obj
D:\develop\cocos2d-x-3.0\projects\chess\cocos2d\cocos\2d\Debug.win32\ZipUtils.obj
D:\develop\cocos2d-x-3.0\projects\chess\cocos2d\cocos\2d\Debug.win32\CL.10928.read.1.tlog
D:\develop\cocos2d-x-3.0\projects\chess\cocos2d\cocos\2d\Debug.win32\CL.10928.write.1.tlog
D:\develop\cocos2d-x-3.0\projects\chess\cocos2d\cocos\2d\Debug.win32\CL.11644.read.1.tlog
D:\develop\cocos2d-x-3.0\projects\chess\cocos2d\cocos\2d\Debug.win32\CL.11644.write.1.tlog
D:\develop\cocos2d-x-3.0\projects\chess\cocos2d\cocos\2d\Debug.win32\CL.4188.read.1.tlog
D:\develop\cocos2d-x-3.0\projects\chess\cocos2d\cocos\2d\Debug.win32\CL.4188.write.1.tlog
D:\develop\cocos2d-x-3.0\projects\chess\cocos2d\cocos\2d\Debug.win32\CL.5440.read.1.tlog
D:\develop\cocos2d-x-3.0\projects\chess\cocos2d\cocos\2d\Debug.win32\CL.5440.write.1.tlog
D:\develop\cocos2d-x-3.0\projects\chess\cocos2d\cocos\2d\Debug.win32\CL.6956.read.1.tlog
D:\develop\cocos2d-x-3.0\projects\chess\cocos2d\cocos\2d\Debug.win32\CL.6956.write.1.tlog
D:\develop\cocos2d-x-3.0\projects\chess\cocos2d\cocos\2d\Debug.win32\CL.9916.read.1.tlog
D:\develop\cocos2d-x-3.0\projects\chess\cocos2d\cocos\2d\Debug.win32\CL.9916.write.1.tlog
D:\develop\cocos2d-x-3.0\projects\chess\cocos2d\cocos\2d\Debug.win32\cl.command.1.tlog
D:\develop\cocos2d-x-3.0\projects\chess\cocos2d\cocos\2d\Debug.win32\CL.read.1.tlog
D:\develop\cocos2d-x-3.0\projects\chess\cocos2d\cocos\2d\Debug.win32\CL.write.1.tlog
D:\develop\cocos2d-x-3.0\projects\chess\cocos2d\cocos\2d\Debug.win32\Lib-link.read.1.tlog
D:\develop\cocos2d-x-3.0\projects\chess\cocos2d\cocos\2d\Debug.win32\Lib-link.write.1.tlog
D:\develop\cocos2d-x-3.0\projects\chess\cocos2d\cocos\2d\Debug.win32\lib.command.1.tlog
D:\develop\cocos2d-x-3.0\projects\chess\proj.win32\Debug.win32\libcocos2d.lib
