F:\COCOS2D-X-3.0\PROJECTS\CHESS\COCOS2D\COCOS\AUDIO\PROJ.WIN32\DEBUG.WIN32\MCIPLAYER.OBJ
F:\COCOS2D-X-3.0\PROJECTS\CHESS\COCOS2D\COCOS\AUDIO\PROJ.WIN32\DEBUG.WIN32\SIMPLEAUDIOENGINE.OBJ
F:\COCOS2D-X-3.0\PROJECTS\CHESS\COCOS2D\COCOS\AUDIO\PROJ.WIN32\DEBUG.WIN32\VC110.PDB
F:\COCOS2D-X-3.0\PROJECTS\CHESS\PROJ.WIN32\DEBUG.WIN32\LIBAUDIO.LIB
F:\cocos2d-x-3.0\projects\chess\cocos2d\cocos\audio\proj.win32\Debug.win32\MciPlayer.obj
F:\cocos2d-x-3.0\projects\chess\cocos2d\cocos\audio\proj.win32\Debug.win32\SimpleAudioEngine.obj
F:\cocos2d-x-3.0\projects\chess\cocos2d\cocos\audio\proj.win32\Debug.win32\CL.5112.read.1.tlog
F:\cocos2d-x-3.0\projects\chess\cocos2d\cocos\audio\proj.win32\Debug.win32\CL.5112.write.1.tlog
F:\cocos2d-x-3.0\projects\chess\cocos2d\cocos\audio\proj.win32\Debug.win32\CL.6596.read.1.tlog
F:\cocos2d-x-3.0\projects\chess\cocos2d\cocos\audio\proj.win32\Debug.win32\CL.6596.write.1.tlog
F:\cocos2d-x-3.0\projects\chess\cocos2d\cocos\audio\proj.win32\Debug.win32\CL.7612.read.1.tlog
F:\cocos2d-x-3.0\projects\chess\cocos2d\cocos\audio\proj.win32\Debug.win32\CL.7612.write.1.tlog
F:\cocos2d-x-3.0\projects\chess\cocos2d\cocos\audio\proj.win32\Debug.win32\CL.8968.read.1.tlog
F:\cocos2d-x-3.0\projects\chess\cocos2d\cocos\audio\proj.win32\Debug.win32\CL.8968.write.1.tlog
F:\cocos2d-x-3.0\projects\chess\cocos2d\cocos\audio\proj.win32\Debug.win32\cl.command.1.tlog
F:\cocos2d-x-3.0\projects\chess\cocos2d\cocos\audio\proj.win32\Debug.win32\CL.read.1.tlog
F:\cocos2d-x-3.0\projects\chess\cocos2d\cocos\audio\proj.win32\Debug.win32\CL.write.1.tlog
F:\cocos2d-x-3.0\projects\chess\cocos2d\cocos\audio\proj.win32\Debug.win32\Lib-link.read.1.tlog
F:\cocos2d-x-3.0\projects\chess\cocos2d\cocos\audio\proj.win32\Debug.win32\Lib-link.write.1.tlog
F:\cocos2d-x-3.0\projects\chess\cocos2d\cocos\audio\proj.win32\Debug.win32\lib.command.1.tlog
F:\cocos2d-x-3.0\projects\chess\cocos2d\cocos\audio\proj.win32\Debug.win32\vc110.idb
F:\cocos2d-x-3.0\projects\chess\cocos2d\cocos\audio\proj.win32\Debug.win32\vc110.pdb
F:\cocos2d-x-3.0\projects\chess\proj.win32\Debug.win32\libAudio.lib
